#! /c/Source/iverilog-install/bin/vvp
:ivl_version "12.0 (devel)" "(s20150603-1539-g2693dd32b)";
:ivl_delay_selection "TYPICAL";
:vpi_time_precision + 0;
:vpi_module "C:\iverilog\lib\ivl\system.vpi";
:vpi_module "C:\iverilog\lib\ivl\vhdl_sys.vpi";
:vpi_module "C:\iverilog\lib\ivl\vhdl_textio.vpi";
:vpi_module "C:\iverilog\lib\ivl\v2005_math.vpi";
:vpi_module "C:\iverilog\lib\ivl\va_math.vpi";
S_000002d389796610 .scope module, "traffic_control" "traffic_control" 2 1;
 .timescale 0 0;
    .port_info 0 /OUTPUT 3 "n_lights";
    .port_info 1 /OUTPUT 3 "s_lights";
    .port_info 2 /OUTPUT 3 "e_lights";
    .port_info 3 /OUTPUT 3 "w_lights";
    .port_info 4 /INPUT 1 "clk";
    .port_info 5 /INPUT 1 "rst_a";
P_000002d3897967a0 .param/l "east" 0 2 13, C4<100>;
P_000002d3897967d8 .param/l "east_y" 0 2 14, C4<101>;
P_000002d389796810 .param/l "north" 0 2 9, C4<000>;
P_000002d389796848 .param/l "north_y" 0 2 10, C4<001>;
P_000002d389796880 .param/l "south" 0 2 11, C4<010>;
P_000002d3897968b8 .param/l "south_y" 0 2 12, C4<011>;
P_000002d3897968f0 .param/l "west" 0 2 15, C4<110>;
P_000002d389796928 .param/l "west_y" 0 2 16, C4<111>;
o000002d38986bfd8 .functor BUFZ 1, C4<z>; HiZ drive
v000002d389849e90_0 .net "clk", 0 0, o000002d38986bfd8;  0 drivers
v000002d389850fa0_0 .var "count", 2 0;
v000002d389851040_0 .var "e_lights", 2 0;
v000002d3898510e0_0 .var "n_lights", 2 0;
o000002d38986c098 .functor BUFZ 1, C4<z>; HiZ drive
v000002d389851180_0 .net "rst_a", 0 0, o000002d38986c098;  0 drivers
v000002d389851220_0 .var "s_lights", 2 0;
v000002d3898512c0_0 .var "state", 2 0;
v000002d389851360_0 .var "w_lights", 2 0;
E_000002d389847b70 .event anyedge, v000002d3898512c0_0;
E_000002d389847870 .event posedge, v000002d389851180_0, v000002d389849e90_0;
    .scope S_000002d389796610;
T_0 ;
    %wait E_000002d389847870;
    %load/vec4 v000002d389851180_0;
    %flag_set/vec4 8;
    %jmp/0xz  T_0.0, 8;
    %pushi/vec4 0, 0, 3;
    %store/vec4 v000002d3898512c0_0, 0, 3;
    %pushi/vec4 0, 0, 3;
    %store/vec4 v000002d389850fa0_0, 0, 3;
    %jmp T_0.1;
T_0.0 ;
    %load/vec4 v000002d3898512c0_0;
    %dup/vec4;
    %pushi/vec4 0, 0, 3;
    %cmp/u;
    %jmp/1 T_0.2, 6;
    %dup/vec4;
    %pushi/vec4 1, 0, 3;
    %cmp/u;
    %jmp/1 T_0.3, 6;
    %dup/vec4;
    %pushi/vec4 2, 0, 3;
    %cmp/u;
    %jmp/1 T_0.4, 6;
    %dup/vec4;
    %pushi/vec4 3, 0, 3;
    %cmp/u;
    %jmp/1 T_0.5, 6;
    %dup/vec4;
    %pushi/vec4 4, 0, 3;
    %cmp/u;
    %jmp/1 T_0.6, 6;
    %dup/vec4;
    %pushi/vec4 5, 0, 3;
    %cmp/u;
    %jmp/1 T_0.7, 6;
    %dup/vec4;
    %pushi/vec4 6, 0, 3;
    %cmp/u;
    %jmp/1 T_0.8, 6;
    %dup/vec4;
    %pushi/vec4 7, 0, 3;
    %cmp/u;
    %jmp/1 T_0.9, 6;
    %jmp T_0.10;
T_0.2 ;
    %load/vec4 v000002d389850fa0_0;
    %cmpi/e 7, 0, 3;
    %jmp/0xz  T_0.11, 4;
    %pushi/vec4 0, 0, 3;
    %store/vec4 v000002d389850fa0_0, 0, 3;
    %pushi/vec4 1, 0, 3;
    %store/vec4 v000002d3898512c0_0, 0, 3;
    %jmp T_0.12;
T_0.11 ;
    %load/vec4 v000002d389850fa0_0;
    %addi 1, 0, 3;
    %store/vec4 v000002d389850fa0_0, 0, 3;
    %pushi/vec4 0, 0, 3;
    %store/vec4 v000002d3898512c0_0, 0, 3;
T_0.12 ;
    %jmp T_0.10;
T_0.3 ;
    %load/vec4 v000002d389850fa0_0;
    %cmpi/e 3, 0, 3;
    %jmp/0xz  T_0.13, 4;
    %pushi/vec4 0, 0, 3;
    %store/vec4 v000002d389850fa0_0, 0, 3;
    %pushi/vec4 2, 0, 3;
    %store/vec4 v000002d3898512c0_0, 0, 3;
    %jmp T_0.14;
T_0.13 ;
    %load/vec4 v000002d389850fa0_0;
    %addi 1, 0, 3;
    %store/vec4 v000002d389850fa0_0, 0, 3;
    %pushi/vec4 1, 0, 3;
    %store/vec4 v000002d3898512c0_0, 0, 3;
T_0.14 ;
    %jmp T_0.10;
T_0.4 ;
    %load/vec4 v000002d389850fa0_0;
    %cmpi/e 7, 0, 3;
    %jmp/0xz  T_0.15, 4;
    %pushi/vec4 0, 0, 3;
    %store/vec4 v000002d389850fa0_0, 0, 3;
    %pushi/vec4 3, 0, 3;
    %store/vec4 v000002d3898512c0_0, 0, 3;
    %jmp T_0.16;
T_0.15 ;
    %load/vec4 v000002d389850fa0_0;
    %addi 1, 0, 3;
    %store/vec4 v000002d389850fa0_0, 0, 3;
    %pushi/vec4 2, 0, 3;
    %store/vec4 v000002d3898512c0_0, 0, 3;
T_0.16 ;
    %jmp T_0.10;
T_0.5 ;
    %load/vec4 v000002d389850fa0_0;
    %cmpi/e 3, 0, 3;
    %jmp/0xz  T_0.17, 4;
    %pushi/vec4 0, 0, 3;
    %store/vec4 v000002d389850fa0_0, 0, 3;
    %pushi/vec4 4, 0, 3;
    %store/vec4 v000002d3898512c0_0, 0, 3;
    %jmp T_0.18;
T_0.17 ;
    %load/vec4 v000002d389850fa0_0;
    %addi 1, 0, 3;
    %store/vec4 v000002d389850fa0_0, 0, 3;
    %pushi/vec4 3, 0, 3;
    %store/vec4 v000002d3898512c0_0, 0, 3;
T_0.18 ;
    %jmp T_0.10;
T_0.6 ;
    %load/vec4 v000002d389850fa0_0;
    %cmpi/e 7, 0, 3;
    %jmp/0xz  T_0.19, 4;
    %pushi/vec4 0, 0, 3;
    %store/vec4 v000002d389850fa0_0, 0, 3;
    %pushi/vec4 5, 0, 3;
    %store/vec4 v000002d3898512c0_0, 0, 3;
    %jmp T_0.20;
T_0.19 ;
    %load/vec4 v000002d389850fa0_0;
    %addi 1, 0, 3;
    %store/vec4 v000002d389850fa0_0, 0, 3;
    %pushi/vec4 4, 0, 3;
    %store/vec4 v000002d3898512c0_0, 0, 3;
T_0.20 ;
    %jmp T_0.10;
T_0.7 ;
    %load/vec4 v000002d389850fa0_0;
    %cmpi/e 3, 0, 3;
    %jmp/0xz  T_0.21, 4;
    %pushi/vec4 0, 0, 3;
    %store/vec4 v000002d389850fa0_0, 0, 3;
    %pushi/vec4 6, 0, 3;
    %store/vec4 v000002d3898512c0_0, 0, 3;
    %jmp T_0.22;
T_0.21 ;
    %load/vec4 v000002d389850fa0_0;
    %addi 1, 0, 3;
    %store/vec4 v000002d389850fa0_0, 0, 3;
    %pushi/vec4 5, 0, 3;
    %store/vec4 v000002d3898512c0_0, 0, 3;
T_0.22 ;
    %jmp T_0.10;
T_0.8 ;
    %load/vec4 v000002d389850fa0_0;
    %cmpi/e 7, 0, 3;
    %jmp/0xz  T_0.23, 4;
    %pushi/vec4 7, 0, 3;
    %store/vec4 v000002d3898512c0_0, 0, 3;
    %pushi/vec4 0, 0, 3;
    %store/vec4 v000002d389850fa0_0, 0, 3;
    %jmp T_0.24;
T_0.23 ;
    %load/vec4 v000002d389850fa0_0;
    %addi 1, 0, 3;
    %store/vec4 v000002d389850fa0_0, 0, 3;
    %pushi/vec4 6, 0, 3;
    %store/vec4 v000002d3898512c0_0, 0, 3;
T_0.24 ;
    %jmp T_0.10;
T_0.9 ;
    %load/vec4 v000002d389850fa0_0;
    %cmpi/e 3, 0, 3;
    %jmp/0xz  T_0.25, 4;
    %pushi/vec4 0, 0, 3;
    %store/vec4 v000002d3898512c0_0, 0, 3;
    %pushi/vec4 0, 0, 3;
    %store/vec4 v000002d389850fa0_0, 0, 3;
    %jmp T_0.26;
T_0.25 ;
    %load/vec4 v000002d389850fa0_0;
    %addi 1, 0, 3;
    %store/vec4 v000002d389850fa0_0, 0, 3;
    %pushi/vec4 7, 0, 3;
    %store/vec4 v000002d3898512c0_0, 0, 3;
T_0.26 ;
    %jmp T_0.10;
T_0.10 ;
    %pop/vec4 1;
T_0.1 ;
    %jmp T_0;
    .thread T_0;
    .scope S_000002d389796610;
T_1 ;
    %wait E_000002d389847b70;
    %load/vec4 v000002d3898512c0_0;
    %dup/vec4;
    %pushi/vec4 0, 0, 3;
    %cmp/u;
    %jmp/1 T_1.0, 6;
    %dup/vec4;
    %pushi/vec4 1, 0, 3;
    %cmp/u;
    %jmp/1 T_1.1, 6;
    %dup/vec4;
    %pushi/vec4 2, 0, 3;
    %cmp/u;
    %jmp/1 T_1.2, 6;
    %dup/vec4;
    %pushi/vec4 3, 0, 3;
    %cmp/u;
    %jmp/1 T_1.3, 6;
    %dup/vec4;
    %pushi/vec4 6, 0, 3;
    %cmp/u;
    %jmp/1 T_1.4, 6;
    %dup/vec4;
    %pushi/vec4 7, 0, 3;
    %cmp/u;
    %jmp/1 T_1.5, 6;
    %dup/vec4;
    %pushi/vec4 4, 0, 3;
    %cmp/u;
    %jmp/1 T_1.6, 6;
    %dup/vec4;
    %pushi/vec4 5, 0, 3;
    %cmp/u;
    %jmp/1 T_1.7, 6;
    %jmp T_1.8;
T_1.0 ;
    %pushi/vec4 1, 0, 3;
    %store/vec4 v000002d3898510e0_0, 0, 3;
    %pushi/vec4 4, 0, 3;
    %store/vec4 v000002d389851220_0, 0, 3;
    %pushi/vec4 4, 0, 3;
    %store/vec4 v000002d389851040_0, 0, 3;
    %pushi/vec4 4, 0, 3;
    %store/vec4 v000002d389851360_0, 0, 3;
    %jmp T_1.8;
T_1.1 ;
    %pushi/vec4 2, 0, 3;
    %store/vec4 v000002d3898510e0_0, 0, 3;
    %pushi/vec4 4, 0, 3;
    %store/vec4 v000002d389851220_0, 0, 3;
    %pushi/vec4 4, 0, 3;
    %store/vec4 v000002d389851040_0, 0, 3;
    %pushi/vec4 4, 0, 3;
    %store/vec4 v000002d389851360_0, 0, 3;
    %jmp T_1.8;
T_1.2 ;
    %pushi/vec4 4, 0, 3;
    %store/vec4 v000002d3898510e0_0, 0, 3;
    %pushi/vec4 1, 0, 3;
    %store/vec4 v000002d389851220_0, 0, 3;
    %pushi/vec4 4, 0, 3;
    %store/vec4 v000002d389851040_0, 0, 3;
    %pushi/vec4 4, 0, 3;
    %store/vec4 v000002d389851360_0, 0, 3;
    %jmp T_1.8;
T_1.3 ;
    %pushi/vec4 4, 0, 3;
    %store/vec4 v000002d3898510e0_0, 0, 3;
    %pushi/vec4 2, 0, 3;
    %store/vec4 v000002d389851220_0, 0, 3;
    %pushi/vec4 4, 0, 3;
    %store/vec4 v000002d389851040_0, 0, 3;
    %pushi/vec4 4, 0, 3;
    %store/vec4 v000002d389851360_0, 0, 3;
    %jmp T_1.8;
T_1.4 ;
    %pushi/vec4 4, 0, 3;
    %store/vec4 v000002d3898510e0_0, 0, 3;
    %pushi/vec4 4, 0, 3;
    %store/vec4 v000002d389851220_0, 0, 3;
    %pushi/vec4 4, 0, 3;
    %store/vec4 v000002d389851040_0, 0, 3;
    %pushi/vec4 1, 0, 3;
    %store/vec4 v000002d389851360_0, 0, 3;
    %jmp T_1.8;
T_1.5 ;
    %pushi/vec4 4, 0, 3;
    %store/vec4 v000002d3898510e0_0, 0, 3;
    %pushi/vec4 4, 0, 3;
    %store/vec4 v000002d389851220_0, 0, 3;
    %pushi/vec4 4, 0, 3;
    %store/vec4 v000002d389851040_0, 0, 3;
    %pushi/vec4 2, 0, 3;
    %store/vec4 v000002d389851360_0, 0, 3;
    %jmp T_1.8;
T_1.6 ;
    %pushi/vec4 4, 0, 3;
    %store/vec4 v000002d3898510e0_0, 0, 3;
    %pushi/vec4 4, 0, 3;
    %store/vec4 v000002d389851220_0, 0, 3;
    %pushi/vec4 1, 0, 3;
    %store/vec4 v000002d389851040_0, 0, 3;
    %pushi/vec4 4, 0, 3;
    %store/vec4 v000002d389851360_0, 0, 3;
    %jmp T_1.8;
T_1.7 ;
    %pushi/vec4 4, 0, 3;
    %store/vec4 v000002d3898510e0_0, 0, 3;
    %pushi/vec4 4, 0, 3;
    %store/vec4 v000002d389851220_0, 0, 3;
    %pushi/vec4 2, 0, 3;
    %store/vec4 v000002d389851040_0, 0, 3;
    %pushi/vec4 4, 0, 3;
    %store/vec4 v000002d389851360_0, 0, 3;
    %jmp T_1.8;
T_1.8 ;
    %pop/vec4 1;
    %jmp T_1;
    .thread T_1, $push;
# The file index is used to find the file name in the following table.
:file_names 3;
    "N/A";
    "<interactive>";
    "traffic_light.v";
