#! /c/Source/iverilog-install/bin/vvp
:ivl_version "12.0 (devel)" "(s20150603-1539-g2693dd32b)";
:ivl_delay_selection "TYPICAL";
:vpi_time_precision + 0;
:vpi_module "C:\iverilog\lib\ivl\system.vpi";
:vpi_module "C:\iverilog\lib\ivl\vhdl_sys.vpi";
:vpi_module "C:\iverilog\lib\ivl\vhdl_textio.vpi";
:vpi_module "C:\iverilog\lib\ivl\v2005_math.vpi";
:vpi_module "C:\iverilog\lib\ivl\va_math.vpi";
S_0000021698b163b0 .scope module, "PUnCControl" "PUnCControl" 2 7;
 .timescale 0 0;
    .port_info 0 /INPUT 1 "clk";
    .port_info 1 /INPUT 1 "rst";
    .port_info 2 /INPUT 1 "bit_5";
    .port_info 3 /INPUT 1 "bit_11";
    .port_info 4 /INPUT 1 "bit_8";
    .port_info 5 /INPUT 1 "bit_7";
    .port_info 6 /INPUT 1 "bit_6";
    .port_info 7 /INPUT 16 "ir";
    .port_info 8 /INPUT 1 "n";
    .port_info 9 /INPUT 1 "z";
    .port_info 10 /INPUT 1 "p";
    .port_info 11 /INPUT 1 "N";
    .port_info 12 /INPUT 1 "Z";
    .port_info 13 /INPUT 1 "P";
    .port_info 14 /OUTPUT 3 "mem_raddr_sig";
    .port_info 15 /OUTPUT 1 "w_data_mem_sig";
    .port_info 16 /OUTPUT 2 "reg_wdata_sig";
    .port_info 17 /OUTPUT 2 "reg_raddr0_sig";
    .port_info 18 /OUTPUT 1 "reg_raddr1_sig";
    .port_info 19 /OUTPUT 1 "mem_waddr_sig";
    .port_info 20 /OUTPUT 1 "mem_w_en_sig";
    .port_info 21 /OUTPUT 1 "reg_waddr_sig";
    .port_info 22 /OUTPUT 1 "reg_w_en_sig";
    .port_info 23 /OUTPUT 1 "pc_ld";
    .port_info 24 /OUTPUT 1 "ir_ld";
    .port_info 25 /OUTPUT 2 "alu_sig";
    .port_info 26 /OUTPUT 3 "pc_mux";
    .port_info 27 /OUTPUT 3 "alu_input1_sig";
    .port_info 28 /OUTPUT 4 "alu_input2_sig";
    .port_info 29 /OUTPUT 1 "cc_sig";
    .port_info 30 /OUTPUT 1 "nzp_mux";
    .port_info 31 /OUTPUT 1 "sti1_sig";
    .port_info 32 /OUTPUT 1 "ldi1_sig";
P_0000021698bc5eb0 .param/l "STATE_DECODE" 1 2 78, C4<00001>;
P_0000021698bc5ee8 .param/l "STATE_EXECUTE" 1 2 79, C4<00010>;
P_0000021698bc5f20 .param/l "STATE_EXECUTE2" 1 2 80, C4<00011>;
P_0000021698bc5f58 .param/l "STATE_FETCH" 1 2 77, C4<00000>;
P_0000021698bc5f90 .param/l "STATE_HALT" 1 2 81, C4<00100>;
o0000021698bf6f48 .functor BUFZ 1, C4<z>; HiZ drive
v0000021698b16a10_0 .net "N", 0 0, o0000021698bf6f48;  0 drivers
o0000021698bf6f78 .functor BUFZ 1, C4<z>; HiZ drive
v0000021698b16650_0 .net "P", 0 0, o0000021698bf6f78;  0 drivers
o0000021698bf6fa8 .functor BUFZ 1, C4<z>; HiZ drive
v0000021698b166f0_0 .net "Z", 0 0, o0000021698bf6fa8;  0 drivers
v0000021698b16790_0 .var "alu_input1_sig", 2 0;
v0000021698bd3f10_0 .var "alu_input2_sig", 3 0;
v0000021698bd3fb0_0 .var "alu_sig", 1 0;
o0000021698bf7068 .functor BUFZ 1, C4<z>; HiZ drive
v0000021698bd4050_0 .net "bit_11", 0 0, o0000021698bf7068;  0 drivers
o0000021698bf7098 .functor BUFZ 1, C4<z>; HiZ drive
v0000021698bd40f0_0 .net "bit_5", 0 0, o0000021698bf7098;  0 drivers
o0000021698bf70c8 .functor BUFZ 1, C4<z>; HiZ drive
v0000021698bd4190_0 .net "bit_6", 0 0, o0000021698bf70c8;  0 drivers
o0000021698bf70f8 .functor BUFZ 1, C4<z>; HiZ drive
v0000021698bd4230_0 .net "bit_7", 0 0, o0000021698bf70f8;  0 drivers
o0000021698bf7128 .functor BUFZ 1, C4<z>; HiZ drive
v0000021698bd42d0_0 .net "bit_8", 0 0, o0000021698bf7128;  0 drivers
v0000021698bd4370_0 .var "cc_sig", 0 0;
o0000021698bf7188 .functor BUFZ 1, C4<z>; HiZ drive
v0000021698bd4410_0 .net "clk", 0 0, o0000021698bf7188;  0 drivers
o0000021698bf71b8 .functor BUFZ 16, C4<zzzzzzzzzzzzzzzz>; HiZ drive
v0000021698bd44b0_0 .net "ir", 15 0, o0000021698bf71b8;  0 drivers
v0000021698c4c4e0_0 .var "ir_ld", 0 0;
v0000021698c4c620_0 .var "ldi1_sig", 0 0;
v0000021698c4c940_0 .var "mem_raddr_sig", 2 0;
v0000021698c4c6c0_0 .var "mem_w_en_sig", 0 0;
v0000021698c4c1c0_0 .var "mem_waddr_sig", 0 0;
o0000021698bf72d8 .functor BUFZ 1, C4<z>; HiZ drive
v0000021698c4c080_0 .net "n", 0 0, o0000021698bf72d8;  0 drivers
v0000021698c4c120_0 .var "next_state", 5 0;
v0000021698c4cee0_0 .var "nzp_mux", 0 0;
o0000021698bf7368 .functor BUFZ 1, C4<z>; HiZ drive
v0000021698c4c760_0 .net "p", 0 0, o0000021698bf7368;  0 drivers
v0000021698c4cbc0_0 .var "pc_ld", 0 0;
v0000021698c4c8a0_0 .var "pc_mux", 2 0;
v0000021698c4c9e0_0 .var "reg_raddr0_sig", 1 0;
v0000021698c4ca80_0 .var "reg_raddr1_sig", 0 0;
v0000021698c4cb20_0 .var "reg_w_en_sig", 0 0;
v0000021698c4cc60_0 .var "reg_waddr_sig", 0 0;
v0000021698c4c800_0 .var "reg_wdata_sig", 1 0;
o0000021698bf74e8 .functor BUFZ 1, C4<z>; HiZ drive
v0000021698c4cd00_0 .net "rst", 0 0, o0000021698bf74e8;  0 drivers
v0000021698c4cda0_0 .var "state", 5 0;
v0000021698c4c440_0 .var "sti1_sig", 0 0;
v0000021698c4c260_0 .var "w_data_mem_sig", 0 0;
o0000021698bf75a8 .functor BUFZ 1, C4<z>; HiZ drive
v0000021698c4cf80_0 .net "z", 0 0, o0000021698bf75a8;  0 drivers
E_0000021698bcad30 .event posedge, v0000021698bd4410_0;
E_0000021698bca4b0 .event anyedge, v0000021698c4cda0_0, v0000021698bd44b0_0;
E_0000021698bca130/0 .event anyedge, v0000021698c4cda0_0, v0000021698bd44b0_0, v0000021698bd40f0_0, v0000021698c4c080_0;
E_0000021698bca130/1 .event anyedge, v0000021698b16a10_0, v0000021698c4cf80_0, v0000021698b166f0_0, v0000021698c4c760_0;
E_0000021698bca130/2 .event anyedge, v0000021698b16650_0, v0000021698bd42d0_0, v0000021698bd4230_0, v0000021698bd4190_0;
E_0000021698bca130/3 .event anyedge, v0000021698bd4050_0;
E_0000021698bca130 .event/or E_0000021698bca130/0, E_0000021698bca130/1, E_0000021698bca130/2, E_0000021698bca130/3;
    .scope S_0000021698b163b0;
T_0 ;
    %wait E_0000021698bca130;
    %pushi/vec4 0, 0, 3;
    %store/vec4 v0000021698c4c940_0, 0, 3;
    %pushi/vec4 0, 0, 1;
    %store/vec4 v0000021698c4c260_0, 0, 1;
    %pushi/vec4 0, 0, 2;
    %store/vec4 v0000021698c4c800_0, 0, 2;
    %pushi/vec4 0, 0, 2;
    %store/vec4 v0000021698c4c9e0_0, 0, 2;
    %pushi/vec4 0, 0, 1;
    %store/vec4 v0000021698c4ca80_0, 0, 1;
    %pushi/vec4 0, 0, 1;
    %store/vec4 v0000021698c4c1c0_0, 0, 1;
    %pushi/vec4 0, 0, 1;
    %store/vec4 v0000021698c4c6c0_0, 0, 1;
    %pushi/vec4 0, 0, 1;
    %store/vec4 v0000021698c4cc60_0, 0, 1;
    %pushi/vec4 0, 0, 1;
    %store/vec4 v0000021698c4cb20_0, 0, 1;
    %pushi/vec4 0, 0, 1;
    %store/vec4 v0000021698c4cbc0_0, 0, 1;
    %pushi/vec4 0, 0, 1;
    %store/vec4 v0000021698c4c4e0_0, 0, 1;
    %pushi/vec4 0, 0, 2;
    %store/vec4 v0000021698bd3fb0_0, 0, 2;
    %pushi/vec4 0, 0, 3;
    %store/vec4 v0000021698c4c8a0_0, 0, 3;
    %pushi/vec4 0, 0, 3;
    %store/vec4 v0000021698b16790_0, 0, 3;
    %pushi/vec4 0, 0, 4;
    %store/vec4 v0000021698bd3f10_0, 0, 4;
    %pushi/vec4 0, 0, 1;
    %store/vec4 v0000021698bd4370_0, 0, 1;
    %pushi/vec4 0, 0, 1;
    %store/vec4 v0000021698c4cee0_0, 0, 1;
    %pushi/vec4 0, 0, 1;
    %store/vec4 v0000021698c4c440_0, 0, 1;
    %pushi/vec4 0, 0, 1;
    %store/vec4 v0000021698c4c620_0, 0, 1;
    %load/vec4 v0000021698c4cda0_0;
    %dup/vec4;
    %pushi/vec4 0, 0, 6;
    %cmp/u;
    %jmp/1 T_0.0, 6;
    %dup/vec4;
    %pushi/vec4 1, 0, 6;
    %cmp/u;
    %jmp/1 T_0.1, 6;
    %dup/vec4;
    %pushi/vec4 2, 0, 6;
    %cmp/u;
    %jmp/1 T_0.2, 6;
    %dup/vec4;
    %pushi/vec4 3, 0, 6;
    %cmp/u;
    %jmp/1 T_0.3, 6;
    %jmp T_0.4;
T_0.0 ;
    %pushi/vec4 0, 0, 3;
    %store/vec4 v0000021698c4c940_0, 0, 3;
    %pushi/vec4 1, 0, 1;
    %store/vec4 v0000021698c4c4e0_0, 0, 1;
    %jmp T_0.4;
T_0.1 ;
    %pushi/vec4 1, 0, 1;
    %store/vec4 v0000021698c4cbc0_0, 0, 1;
    %jmp T_0.4;
T_0.2 ;
    %load/vec4 v0000021698bd44b0_0;
    %parti/s 4, 12, 5;
    %dup/vec4;
    %pushi/vec4 1, 0, 4;
    %cmp/u;
    %jmp/1 T_0.5, 6;
    %dup/vec4;
    %pushi/vec4 5, 0, 4;
    %cmp/u;
    %jmp/1 T_0.6, 6;
    %dup/vec4;
    %pushi/vec4 0, 0, 4;
    %cmp/u;
    %jmp/1 T_0.7, 6;
    %dup/vec4;
    %pushi/vec4 12, 0, 4;
    %cmp/u;
    %jmp/1 T_0.8, 6;
    %dup/vec4;
    %pushi/vec4 4, 0, 4;
    %cmp/u;
    %jmp/1 T_0.9, 6;
    %dup/vec4;
    %pushi/vec4 2, 0, 4;
    %cmp/u;
    %jmp/1 T_0.10, 6;
    %dup/vec4;
    %pushi/vec4 10, 0, 4;
    %cmp/u;
    %jmp/1 T_0.11, 6;
    %dup/vec4;
    %pushi/vec4 6, 0, 4;
    %cmp/u;
    %jmp/1 T_0.12, 6;
    %dup/vec4;
    %pushi/vec4 14, 0, 4;
    %cmp/u;
    %jmp/1 T_0.13, 6;
    %dup/vec4;
    %pushi/vec4 9, 0, 4;
    %cmp/u;
    %jmp/1 T_0.14, 6;
    %dup/vec4;
    %pushi/vec4 3, 0, 4;
    %cmp/u;
    %jmp/1 T_0.15, 6;
    %dup/vec4;
    %pushi/vec4 11, 0, 4;
    %cmp/u;
    %jmp/1 T_0.16, 6;
    %dup/vec4;
    %pushi/vec4 7, 0, 4;
    %cmp/u;
    %jmp/1 T_0.17, 6;
    %dup/vec4;
    %pushi/vec4 15, 0, 4;
    %cmp/u;
    %jmp/1 T_0.18, 6;
    %jmp T_0.19;
T_0.5 ;
    %load/vec4 v0000021698bd40f0_0;
    %pad/u 32;
    %cmpi/e 0, 0, 32;
    %jmp/0xz  T_0.20, 4;
    %pushi/vec4 1, 0, 1;
    %store/vec4 v0000021698c4cb20_0, 0, 1;
    %pushi/vec4 1, 0, 1;
    %store/vec4 v0000021698bd4370_0, 0, 1;
    %jmp T_0.21;
T_0.20 ;
    %pushi/vec4 1, 0, 1;
    %store/vec4 v0000021698c4cb20_0, 0, 1;
    %pushi/vec4 1, 0, 4;
    %store/vec4 v0000021698bd3f10_0, 0, 4;
    %pushi/vec4 1, 0, 1;
    %store/vec4 v0000021698bd4370_0, 0, 1;
T_0.21 ;
    %jmp T_0.19;
T_0.6 ;
    %load/vec4 v0000021698bd40f0_0;
    %pad/u 32;
    %cmpi/e 0, 0, 32;
    %jmp/0xz  T_0.22, 4;
    %pushi/vec4 1, 0, 1;
    %store/vec4 v0000021698c4cb20_0, 0, 1;
    %pushi/vec4 1, 0, 2;
    %store/vec4 v0000021698bd3fb0_0, 0, 2;
    %pushi/vec4 1, 0, 1;
    %store/vec4 v0000021698bd4370_0, 0, 1;
    %jmp T_0.23;
T_0.22 ;
    %pushi/vec4 1, 0, 1;
    %store/vec4 v0000021698c4cb20_0, 0, 1;
    %pushi/vec4 1, 0, 2;
    %store/vec4 v0000021698bd3fb0_0, 0, 2;
    %pushi/vec4 1, 0, 4;
    %store/vec4 v0000021698bd3f10_0, 0, 4;
    %pushi/vec4 1, 0, 1;
    %store/vec4 v0000021698bd4370_0, 0, 1;
T_0.23 ;
    %jmp T_0.19;
T_0.7 ;
    %load/vec4 v0000021698c4c080_0;
    %flag_set/vec4 9;
    %flag_get/vec4 9;
    %jmp/0 T_0.28, 9;
    %load/vec4 v0000021698b16a10_0;
    %and;
T_0.28;
    %flag_set/vec4 8;
    %jmp/1 T_0.27, 8;
    %load/vec4 v0000021698c4cf80_0;
    %flag_set/vec4 10;
    %flag_get/vec4 10;
    %jmp/0 T_0.29, 10;
    %load/vec4 v0000021698b166f0_0;
    %and;
T_0.29;
    %flag_set/vec4 9;
    %flag_or 8, 9;
T_0.27;
    %jmp/1 T_0.26, 8;
    %load/vec4 v0000021698c4c760_0;
    %flag_set/vec4 10;
    %flag_get/vec4 10;
    %jmp/0 T_0.30, 10;
    %load/vec4 v0000021698b16650_0;
    %and;
T_0.30;
    %flag_set/vec4 9;
    %flag_or 8, 9;
T_0.26;
    %jmp/0xz  T_0.24, 8;
    %pushi/vec4 1, 0, 3;
    %store/vec4 v0000021698c4c8a0_0, 0, 3;
    %pushi/vec4 1, 0, 1;
    %store/vec4 v0000021698c4cbc0_0, 0, 1;
    %pushi/vec4 1, 0, 3;
    %store/vec4 v0000021698b16790_0, 0, 3;
    %pushi/vec4 2, 0, 4;
    %store/vec4 v0000021698bd3f10_0, 0, 4;
T_0.24 ;
    %jmp T_0.19;
T_0.8 ;
    %load/vec4 v0000021698bd42d0_0;
    %flag_set/vec4 10;
    %flag_get/vec4 10;
    %jmp/0 T_0.34, 10;
    %load/vec4 v0000021698bd4230_0;
    %and;
T_0.34;
    %flag_set/vec4 9;
    %flag_get/vec4 9;
    %jmp/0 T_0.33, 9;
    %load/vec4 v0000021698bd4190_0;
    %and;
T_0.33;
    %flag_set/vec4 8;
    %jmp/0xz  T_0.31, 8;
    %pushi/vec4 2, 0, 2;
    %store/vec4 v0000021698c4c9e0_0, 0, 2;
    %pushi/vec4 1, 0, 1;
    %store/vec4 v0000021698c4cbc0_0, 0, 1;
    %jmp T_0.32;
T_0.31 ;
    %pushi/vec4 2, 0, 3;
    %store/vec4 v0000021698c4c8a0_0, 0, 3;
    %pushi/vec4 1, 0, 1;
    %store/vec4 v0000021698c4cbc0_0, 0, 1;
T_0.32 ;
    %jmp T_0.19;
T_0.9 ;
    %pushi/vec4 1, 0, 1;
    %store/vec4 v0000021698c4cc60_0, 0, 1;
    %pushi/vec4 1, 0, 1;
    %store/vec4 v0000021698c4cb20_0, 0, 1;
    %pushi/vec4 2, 0, 2;
    %store/vec4 v0000021698c4c800_0, 0, 2;
    %jmp T_0.19;
T_0.10 ;
    %pushi/vec4 1, 0, 1;
    %store/vec4 v0000021698c4cb20_0, 0, 1;
    %pushi/vec4 1, 0, 3;
    %store/vec4 v0000021698b16790_0, 0, 3;
    %pushi/vec4 2, 0, 4;
    %store/vec4 v0000021698bd3f10_0, 0, 4;
    %pushi/vec4 1, 0, 3;
    %store/vec4 v0000021698c4c940_0, 0, 3;
    %pushi/vec4 1, 0, 2;
    %store/vec4 v0000021698c4c800_0, 0, 2;
    %pushi/vec4 1, 0, 1;
    %store/vec4 v0000021698bd4370_0, 0, 1;
    %pushi/vec4 1, 0, 1;
    %store/vec4 v0000021698c4cee0_0, 0, 1;
    %jmp T_0.19;
T_0.11 ;
    %pushi/vec4 1, 0, 3;
    %store/vec4 v0000021698c4c940_0, 0, 3;
    %pushi/vec4 1, 0, 3;
    %store/vec4 v0000021698b16790_0, 0, 3;
    %pushi/vec4 2, 0, 4;
    %store/vec4 v0000021698bd3f10_0, 0, 4;
    %pushi/vec4 1, 0, 1;
    %store/vec4 v0000021698c4c620_0, 0, 1;
    %jmp T_0.19;
T_0.12 ;
    %pushi/vec4 1, 0, 3;
    %store/vec4 v0000021698c4c940_0, 0, 3;
    %pushi/vec4 1, 0, 1;
    %store/vec4 v0000021698c4cb20_0, 0, 1;
    %pushi/vec4 4, 0, 4;
    %store/vec4 v0000021698bd3f10_0, 0, 4;
    %pushi/vec4 1, 0, 1;
    %store/vec4 v0000021698bd4370_0, 0, 1;
    %pushi/vec4 1, 0, 1;
    %store/vec4 v0000021698c4cee0_0, 0, 1;
    %pushi/vec4 1, 0, 2;
    %store/vec4 v0000021698c4c800_0, 0, 2;
    %jmp T_0.19;
T_0.13 ;
    %pushi/vec4 1, 0, 1;
    %store/vec4 v0000021698c4cb20_0, 0, 1;
    %pushi/vec4 1, 0, 1;
    %store/vec4 v0000021698c4cb20_0, 0, 1;
    %pushi/vec4 1, 0, 3;
    %store/vec4 v0000021698c4c940_0, 0, 3;
    %pushi/vec4 1, 0, 3;
    %store/vec4 v0000021698b16790_0, 0, 3;
    %pushi/vec4 2, 0, 4;
    %store/vec4 v0000021698bd3f10_0, 0, 4;
    %pushi/vec4 1, 0, 1;
    %store/vec4 v0000021698bd4370_0, 0, 1;
    %jmp T_0.19;
T_0.14 ;
    %pushi/vec4 3, 0, 2;
    %store/vec4 v0000021698bd3fb0_0, 0, 2;
    %pushi/vec4 1, 0, 1;
    %store/vec4 v0000021698c4cb20_0, 0, 1;
    %pushi/vec4 1, 0, 1;
    %store/vec4 v0000021698bd4370_0, 0, 1;
    %jmp T_0.19;
T_0.15 ;
    %pushi/vec4 1, 0, 3;
    %store/vec4 v0000021698b16790_0, 0, 3;
    %pushi/vec4 2, 0, 4;
    %store/vec4 v0000021698bd3f10_0, 0, 4;
    %pushi/vec4 1, 0, 2;
    %store/vec4 v0000021698c4c9e0_0, 0, 2;
    %pushi/vec4 1, 0, 1;
    %store/vec4 v0000021698c4c6c0_0, 0, 1;
    %jmp T_0.19;
T_0.16 ;
    %pushi/vec4 1, 0, 3;
    %store/vec4 v0000021698b16790_0, 0, 3;
    %pushi/vec4 2, 0, 4;
    %store/vec4 v0000021698bd3f10_0, 0, 4;
    %pushi/vec4 1, 0, 3;
    %store/vec4 v0000021698c4c940_0, 0, 3;
    %pushi/vec4 1, 0, 1;
    %store/vec4 v0000021698c4c440_0, 0, 1;
    %jmp T_0.19;
T_0.17 ;
    %pushi/vec4 4, 0, 4;
    %store/vec4 v0000021698bd3f10_0, 0, 4;
    %pushi/vec4 1, 0, 1;
    %store/vec4 v0000021698c4ca80_0, 0, 1;
    %pushi/vec4 1, 0, 1;
    %store/vec4 v0000021698c4c260_0, 0, 1;
    %pushi/vec4 1, 0, 1;
    %store/vec4 v0000021698c4c6c0_0, 0, 1;
    %jmp T_0.19;
T_0.18 ;
    %jmp T_0.19;
T_0.19 ;
    %pop/vec4 1;
    %jmp T_0.4;
T_0.3 ;
    %load/vec4 v0000021698bd44b0_0;
    %parti/s 4, 12, 5;
    %dup/vec4;
    %pushi/vec4 4, 0, 4;
    %cmp/u;
    %jmp/1 T_0.35, 6;
    %dup/vec4;
    %pushi/vec4 10, 0, 4;
    %cmp/u;
    %jmp/1 T_0.36, 6;
    %dup/vec4;
    %pushi/vec4 11, 0, 4;
    %cmp/u;
    %jmp/1 T_0.37, 6;
    %jmp T_0.38;
T_0.35 ;
    %load/vec4 v0000021698bd4050_0;
    %pad/u 32;
    %cmpi/e 0, 0, 32;
    %jmp/0xz  T_0.39, 4;
    %pushi/vec4 2, 0, 3;
    %store/vec4 v0000021698c4c8a0_0, 0, 3;
    %pushi/vec4 1, 0, 1;
    %store/vec4 v0000021698c4cbc0_0, 0, 1;
    %jmp T_0.40;
T_0.39 ;
    %pushi/vec4 1, 0, 3;
    %store/vec4 v0000021698c4c8a0_0, 0, 3;
    %pushi/vec4 1, 0, 1;
    %store/vec4 v0000021698c4cbc0_0, 0, 1;
    %pushi/vec4 1, 0, 3;
    %store/vec4 v0000021698b16790_0, 0, 3;
    %pushi/vec4 3, 0, 4;
    %store/vec4 v0000021698bd3f10_0, 0, 4;
T_0.40 ;
    %jmp T_0.38;
T_0.36 ;
    %pushi/vec4 1, 0, 1;
    %store/vec4 v0000021698c4cb20_0, 0, 1;
    %pushi/vec4 2, 0, 3;
    %store/vec4 v0000021698c4c940_0, 0, 3;
    %pushi/vec4 1, 0, 2;
    %store/vec4 v0000021698c4c800_0, 0, 2;
    %pushi/vec4 1, 0, 1;
    %store/vec4 v0000021698bd4370_0, 0, 1;
    %pushi/vec4 1, 0, 1;
    %store/vec4 v0000021698c4cee0_0, 0, 1;
    %jmp T_0.38;
T_0.37 ;
    %pushi/vec4 1, 0, 1;
    %store/vec4 v0000021698c4c1c0_0, 0, 1;
    %pushi/vec4 1, 0, 1;
    %store/vec4 v0000021698c4c6c0_0, 0, 1;
    %pushi/vec4 1, 0, 2;
    %store/vec4 v0000021698c4c9e0_0, 0, 2;
    %jmp T_0.38;
T_0.38 ;
    %pop/vec4 1;
    %jmp T_0.4;
T_0.4 ;
    %pop/vec4 1;
    %jmp T_0;
    .thread T_0, $push;
    .scope S_0000021698b163b0;
T_1 ;
    %wait E_0000021698bca4b0;
    %load/vec4 v0000021698c4cda0_0;
    %store/vec4 v0000021698c4c120_0, 0, 6;
    %load/vec4 v0000021698c4cda0_0;
    %dup/vec4;
    %pushi/vec4 0, 0, 6;
    %cmp/u;
    %jmp/1 T_1.0, 6;
    %dup/vec4;
    %pushi/vec4 1, 0, 6;
    %cmp/u;
    %jmp/1 T_1.1, 6;
    %dup/vec4;
    %pushi/vec4 2, 0, 6;
    %cmp/u;
    %jmp/1 T_1.2, 6;
    %dup/vec4;
    %pushi/vec4 3, 0, 6;
    %cmp/u;
    %jmp/1 T_1.3, 6;
    %dup/vec4;
    %pushi/vec4 4, 0, 6;
    %cmp/u;
    %jmp/1 T_1.4, 6;
    %jmp T_1.5;
T_1.0 ;
    %pushi/vec4 1, 0, 6;
    %store/vec4 v0000021698c4c120_0, 0, 6;
    %jmp T_1.5;
T_1.1 ;
    %pushi/vec4 2, 0, 6;
    %store/vec4 v0000021698c4c120_0, 0, 6;
    %jmp T_1.5;
T_1.2 ;
    %load/vec4 v0000021698bd44b0_0;
    %parti/s 4, 12, 5;
    %cmpi/e 10, 0, 4;
    %jmp/1 T_1.9, 4;
    %flag_mov 8, 4;
    %load/vec4 v0000021698bd44b0_0;
    %parti/s 4, 12, 5;
    %cmpi/e 11, 0, 4;
    %flag_or 4, 8;
T_1.9;
    %jmp/1 T_1.8, 4;
    %flag_mov 8, 4;
    %load/vec4 v0000021698bd44b0_0;
    %parti/s 4, 12, 5;
    %cmpi/e 4, 0, 4;
    %flag_or 4, 8;
T_1.8;
    %jmp/0xz  T_1.6, 4;
    %pushi/vec4 3, 0, 6;
    %store/vec4 v0000021698c4c120_0, 0, 6;
    %jmp T_1.7;
T_1.6 ;
    %load/vec4 v0000021698bd44b0_0;
    %parti/s 4, 12, 5;
    %cmpi/e 15, 0, 4;
    %jmp/0xz  T_1.10, 4;
    %pushi/vec4 4, 0, 6;
    %store/vec4 v0000021698c4c120_0, 0, 6;
    %jmp T_1.11;
T_1.10 ;
    %pushi/vec4 0, 0, 6;
    %store/vec4 v0000021698c4c120_0, 0, 6;
T_1.11 ;
T_1.7 ;
    %jmp T_1.5;
T_1.3 ;
    %pushi/vec4 0, 0, 6;
    %store/vec4 v0000021698c4c120_0, 0, 6;
    %jmp T_1.5;
T_1.4 ;
    %pushi/vec4 4, 0, 6;
    %store/vec4 v0000021698c4c120_0, 0, 6;
    %jmp T_1.5;
T_1.5 ;
    %pop/vec4 1;
    %jmp T_1;
    .thread T_1, $push;
    .scope S_0000021698b163b0;
T_2 ;
    %wait E_0000021698bcad30;
    %load/vec4 v0000021698c4cd00_0;
    %flag_set/vec4 8;
    %jmp/0xz  T_2.0, 8;
    %pushi/vec4 0, 0, 6;
    %assign/vec4 v0000021698c4cda0_0, 0;
    %jmp T_2.1;
T_2.0 ;
    %load/vec4 v0000021698c4c120_0;
    %assign/vec4 v0000021698c4cda0_0, 0;
T_2.1 ;
    %jmp T_2;
    .thread T_2;
# The file index is used to find the file name in the following table.
:file_names 3;
    "N/A";
    "<interactive>";
    "PUnCControl.v";
